[2026-02-21 17:42:13] === Start ===
[2026-02-21 17:42:13] Timing...
  2026-02-01: 0.2h ✦
  2026-02-02: 0.2h ✦
  2026-02-03: 0.0h ✦
  2026-02-04: 0.2h ✦
  2026-02-05: 0.2h ✦
  2026-02-06: 0.1h ✦
  2026-02-07: 0.1h ✦
  2026-02-08: 0.1h ✦
  2026-02-09: 0.1h ✦
  2026-02-10: 0.1h ✦
  2026-02-11: 0.1h ✦
  2026-02-12: 0.1h ✦
  2026-02-13: 0.1h ✦
  2026-02-14: 0.0h ✦
  2026-02-15: 0.0h ✦
  2026-02-16: 0.0h ✦
  2026-02-17: 0.1h ✦
  2026-02-18: 2.2h ✦
  2026-02-19: 5.2h ✦
  2026-02-20: 5.5h ✦
  2026-02-21: 2.4h ✦

✅ /Users/apple/Desktop/01_專案進行中/paulkuo-astro/data/timing.json
   2026-02 | 17.0h | 10 active days
[2026-02-21 17:42:13] SKIP: Fitbit (no token)
[2026-02-21 17:42:13] Push: data/timing.json
[main d5a7f01] auto: data update 02/21-17:42
 1 file changed, 7 insertions(+), 7 deletions(-)
To https://github.com/zarqarwi/paulkuo.tw.git
   f64f71d..d5a7f01  main -> main
[2026-02-21 17:42:13] ✅ Pushed
[2026-02-21 17:42:13] === Done ===
[2026-02-21 17:53:26] === Start ===
[2026-02-21 17:53:26] Timing...
  2026-02-01: 0.2h ✦
  2026-02-02: 0.2h ✦
  2026-02-03: 0.0h ✦
  2026-02-04: 0.2h ✦
  2026-02-05: 0.2h ✦
  2026-02-06: 0.1h ✦
  2026-02-07: 0.1h ✦
  2026-02-08: 0.1h ✦
  2026-02-09: 0.1h ✦
  2026-02-10: 0.1h ✦
  2026-02-11: 0.1h ✦
  2026-02-12: 0.1h ✦
  2026-02-13: 0.1h ✦
  2026-02-14: 0.0h ✦
  2026-02-15: 0.0h ✦
  2026-02-16: 0.0h ✦
  2026-02-17: 0.1h ✦
  2026-02-18: 2.2h ✦
  2026-02-19: 5.2h ✦
  2026-02-20: 5.6h ✦
  2026-02-21: 2.5h ✦

✅ /Users/apple/Desktop/01_專案進行中/paulkuo-astro/data/timing.json
   2026-02 | 17.0h | 10 active days
[2026-02-21 17:53:26] Fitbit...
✅ Fitbit: 6919 steps | 4.8km | HR 69
[2026-02-21 17:53:26] Push: data/fitbit.json
data/timing.json
[main c364e77] auto: data update 02/21-17:53
 2 files changed, 42 insertions(+), 18 deletions(-)
To https://github.com/zarqarwi/paulkuo.tw.git
   47229c6..c364e77  main -> main
[2026-02-21 17:53:26] ✅ Pushed
[2026-02-21 17:53:26] === Done ===
